已經開始建置於 2018/5/20 下午 03:55:03。
     1>節點 2 (build 目標) 上的專案 "D:\GD\vs2010Project\lab7-2\lab7-2\lab7-2.vcxproj"。
     1>InitializeBuildStatus:
         由於指定了 "AlwaysCreate"，因此正在建立 "Debug\lab7-2.unsuccessfulbuild"。
       ClCompile:
         C:\Program Files (x86)\Microsoft Visual Studio 10.0\VC\bin\CL.exe /c /ZI /nologo /W3 /WX- /Od /Oy- /D _MBCS /Gm /EHsc /RTC1 /MDd /GS /fp:precise /Zc:wchar_t /Zc:forScope /Fo"Debug\\" /Fd"Debug\vc100.pdb" /Gd /TP /analyze- /errorReport:prompt university.cpp
         university.cpp
       Link:
         C:\Program Files (x86)\Microsoft Visual Studio 10.0\VC\bin\link.exe /ERRORREPORT:PROMPT /OUT:"D:\GD\vs2010Project\lab7-2\Debug\lab7-2.exe" /NOLOGO kernel32.lib user32.lib gdi32.lib winspool.lib comdlg32.lib advapi32.lib shell32.lib ole32.lib oleaut32.lib uuid.lib odbc32.lib odbccp32.lib /MANIFEST /ManifestFile:"Debug\lab7-2.exe.intermediate.manifest" /MANIFESTUAC:"level='asInvoker' uiAccess='false'" /DEBUG /PDB:"D:\GD\vs2010Project\lab7-2\Debug\lab7-2.pdb" /TLBID:1 /DYNAMICBASE /NXCOMPAT /IMPLIB:"D:\GD\vs2010Project\lab7-2\Debug\lab7-2.lib" /MACHINE:X86 Debug\college.obj
         Debug\course.obj
         Debug\department.obj
         Debug\Institute.obj
         Debug\source.obj
         Debug\teacher.obj
         Debug\university.obj
         LINK : 最後的累加連結找不到或未建置 D:\GD\vs2010Project\lab7-2\Debug\lab7-2.exe，正在執行完整連結
         lab7-2.vcxproj -> D:\GD\vs2010Project\lab7-2\Debug\lab7-2.exe
       Manifest:
         C:\Program Files (x86)\Microsoft SDKs\Windows\v7.0A\bin\mt.exe /nologo /verbose /outputresource:"D:\GD\vs2010Project\lab7-2\Debug\lab7-2.exe;#1" /manifest "Debug\lab7-2.exe.intermediate.manifest"
       FinalizeBuildStatus:
         正在刪除檔案 "Debug\lab7-2.unsuccessfulbuild"。
         正在變更時間戳記 "Debug\lab7-2.lastbuildstate"。
     1>專案 "D:\GD\vs2010Project\lab7-2\lab7-2\lab7-2.vcxproj" (build 目標) 建置完成。

建置成功。

經過時間 00:00:00.99
