已經開始建置於 2018/5/15 下午 07:32:51。
     1>節點 2 (build 目標) 上的專案 "D:\GD\vs2010Project\lab10-1\lab10-1.vcxproj"。
     1>InitializeBuildStatus:
         由於指定了 "AlwaysCreate"，因此正在建立 "Debug\lab10-1.unsuccessfulbuild"。
       ClCompile:
         C:\Program Files (x86)\Microsoft Visual Studio 10.0\VC\bin\CL.exe /c /ZI /nologo /W3 /WX- /Od /Oy- /D _MBCS /Gm /EHsc /RTC1 /MDd /GS /fp:precise /Zc:wchar_t /Zc:forScope /Fo"Debug\\" /Fd"Debug\vc100.pdb" /Gd /TP /analyze- /errorReport:prompt main.cpp Student.cpp StudentList.cpp
         StudentList.cpp
     1>d:\gd\vs2010project\lab10-1\studentlist.h(27): warning C4150: 刪除指向不完整型別 'Student' 的指標; 沒有解構函式可呼叫
                 d:\gd\vs2010project\lab10-1\studentlist.h(3) : 請參閱 'Student' 的宣告
         Student.cpp
         main.cpp
     1>d:\gd\vs2010project\lab10-1\studentlist.h(27): warning C4150: 刪除指向不完整型別 'Student' 的指標; 沒有解構函式可呼叫
                 d:\gd\vs2010project\lab10-1\studentlist.h(3) : 請參閱 'Student' 的宣告
         正在產生程式碼...
       Link:
         C:\Program Files (x86)\Microsoft Visual Studio 10.0\VC\bin\link.exe /ERRORREPORT:PROMPT /OUT:"D:\GD\vs2010Project\lab10-1\Debug\lab10-1.exe" /NOLOGO kernel32.lib user32.lib gdi32.lib winspool.lib comdlg32.lib advapi32.lib shell32.lib ole32.lib oleaut32.lib uuid.lib odbc32.lib odbccp32.lib /MANIFEST /ManifestFile:"Debug\lab10-1.exe.intermediate.manifest" /MANIFESTUAC:"level='asInvoker' uiAccess='false'" /DEBUG /PDB:"D:\GD\vs2010Project\lab10-1\Debug\lab10-1.pdb" /TLBID:1 /DYNAMICBASE /NXCOMPAT /IMPLIB:"D:\GD\vs2010Project\lab10-1\Debug\lab10-1.lib" /MACHINE:X86 Debug\main.obj
         Debug\Student.obj
         Debug\StudentList.obj
         lab10-1.vcxproj -> D:\GD\vs2010Project\lab10-1\Debug\lab10-1.exe
       Manifest:
         C:\Program Files (x86)\Microsoft SDKs\Windows\v7.0A\bin\mt.exe /nologo /verbose /outputresource:"D:\GD\vs2010Project\lab10-1\Debug\lab10-1.exe;#1" /manifest "Debug\lab10-1.exe.intermediate.manifest"
       FinalizeBuildStatus:
         正在刪除檔案 "Debug\lab10-1.unsuccessfulbuild"。
         正在變更時間戳記 "Debug\lab10-1.lastbuildstate"。
     1>專案 "D:\GD\vs2010Project\lab10-1\lab10-1.vcxproj" (build 目標) 建置完成。

建置成功。

經過時間 00:00:03.49
