已經開始建置於 2018/5/18 上午 01:29:31。
     1>節點 2 (build 目標) 上的專案 "D:\GD\vs2010Project\俄羅斯方塊\作業三\俄羅斯方塊\俄羅斯方塊.vcxproj"。
     1>InitializeBuildStatus:
         由於指定了 "AlwaysCreate"，因此正在建立 "Debug\俄羅斯方塊.unsuccessfulbuild"。
       ClCompile:
         C:\Program Files (x86)\Microsoft Visual Studio 10.0\VC\bin\CL.exe /c /ZI /nologo /W3 /WX- /Od /Oy- /D _UNICODE /D UNICODE /Gm /EHsc /RTC1 /MDd /GS /fp:precise /Zc:wchar_t /Zc:forScope /Fo"Debug\\" /Fd"Debug\vc100.pdb" /Gd /TP /analyze- /errorReport:prompt main.cpp Object.cpp point.cpp Rect.cpp utilwin32.cpp
         utilwin32.cpp
         Rect.cpp
         point.cpp
         Object.cpp
     1>d:\gd\vs2010project\俄羅斯方塊\作業三\俄羅斯方塊\object.cpp(55): warning C4996: 'kbhit': The POSIX name for this item is deprecated. Instead, use the ISO C++ conformant name: _kbhit. See online help for details.
                 c:\program files (x86)\microsoft visual studio 10.0\vc\include\conio.h(130) : 請參閱 'kbhit' 的宣告
     1>d:\gd\vs2010project\俄羅斯方塊\作業三\俄羅斯方塊\object.cpp(56): warning C4996: 'getch': The POSIX name for this item is deprecated. Instead, use the ISO C++ conformant name: _getch. See online help for details.
                 c:\program files (x86)\microsoft visual studio 10.0\vc\include\conio.h(128) : 請參閱 'getch' 的宣告
     1>d:\gd\vs2010project\俄羅斯方塊\作業三\俄羅斯方塊\object.cpp(61): warning C4996: 'getch': The POSIX name for this item is deprecated. Instead, use the ISO C++ conformant name: _getch. See online help for details.
                 c:\program files (x86)\microsoft visual studio 10.0\vc\include\conio.h(128) : 請參閱 'getch' 的宣告
         main.cpp
         正在產生程式碼...
       Link:
         C:\Program Files (x86)\Microsoft Visual Studio 10.0\VC\bin\link.exe /ERRORREPORT:PROMPT /OUT:"D:\GD\vs2010Project\俄羅斯方塊\作業三\Debug\俄羅斯方塊.exe" /NOLOGO kernel32.lib user32.lib gdi32.lib winspool.lib comdlg32.lib advapi32.lib shell32.lib ole32.lib oleaut32.lib uuid.lib odbc32.lib odbccp32.lib /MANIFEST /ManifestFile:"Debug\俄羅斯方塊.exe.intermediate.manifest" /MANIFESTUAC:"level='asInvoker' uiAccess='false'" /DEBUG /PDB:"D:\GD\vs2010Project\俄羅斯方塊\作業三\Debug\俄羅斯方塊.pdb" /TLBID:1 /DYNAMICBASE /NXCOMPAT /IMPLIB:"D:\GD\vs2010Project\俄羅斯方塊\作業三\Debug\俄羅斯方塊.lib" /MACHINE:X86 Debug\main.obj
         Debug\Object.obj
         Debug\point.obj
         Debug\Rect.obj
         Debug\utilwin32.obj
         LINK : 最後的累加連結找不到或未建置 D:\GD\vs2010Project\俄羅斯方塊\作業三\Debug\俄羅斯方塊.exe，正在執行完整連結
         俄羅斯方塊.vcxproj -> D:\GD\vs2010Project\俄羅斯方塊\作業三\Debug\俄羅斯方塊.exe
       Manifest:
         C:\Program Files (x86)\Microsoft SDKs\Windows\v7.0A\bin\mt.exe /nologo /verbose /outputresource:"D:\GD\vs2010Project\俄羅斯方塊\作業三\Debug\俄羅斯方塊.exe;#1" /manifest "Debug\俄羅斯方塊.exe.intermediate.manifest"
       FinalizeBuildStatus:
         正在刪除檔案 "Debug\俄羅斯方塊.unsuccessfulbuild"。
         正在變更時間戳記 "Debug\俄羅斯方塊.lastbuildstate"。
     1>專案 "D:\GD\vs2010Project\俄羅斯方塊\作業三\俄羅斯方塊\俄羅斯方塊.vcxproj" (build 目標) 建置完成。

建置成功。

經過時間 00:00:04.50
