D:\GD\VS2010PROJECT\俄羅斯方塊\作業四\DEBUG\俄羅斯方塊.EXE
D:\GD\VS2010PROJECT\俄羅斯方塊\作業四\DEBUG\俄羅斯方塊.ILK
D:\GD\VS2010PROJECT\俄羅斯方塊\作業四\DEBUG\俄羅斯方塊.PDB
D:\GD\vs2010Project\俄羅斯方塊\作業四\俄羅斯方塊\Debug\cl.command.1.tlog
D:\GD\vs2010Project\俄羅斯方塊\作業四\俄羅斯方塊\Debug\CL.read.1.tlog
D:\GD\vs2010Project\俄羅斯方塊\作業四\俄羅斯方塊\Debug\CL.write.1.tlog
D:\GD\vs2010Project\俄羅斯方塊\作業四\俄羅斯方塊\Debug\link.command.1.tlog
D:\GD\vs2010Project\俄羅斯方塊\作業四\俄羅斯方塊\Debug\link.read.1.tlog
D:\GD\vs2010Project\俄羅斯方塊\作業四\俄羅斯方塊\Debug\link.read.2.tlog
D:\GD\vs2010Project\俄羅斯方塊\作業四\俄羅斯方塊\Debug\link.write.1.tlog
D:\GD\VS2010PROJECT\俄羅斯方塊\作業四\俄羅斯方塊\DEBUG\MAIN.OBJ
D:\GD\vs2010Project\俄羅斯方塊\作業四\俄羅斯方塊\Debug\mt.command.1.tlog
D:\GD\vs2010Project\俄羅斯方塊\作業四\俄羅斯方塊\Debug\mt.read.1.tlog
D:\GD\vs2010Project\俄羅斯方塊\作業四\俄羅斯方塊\Debug\mt.write.1.tlog
D:\GD\VS2010PROJECT\俄羅斯方塊\作業四\俄羅斯方塊\DEBUG\OBJECT.OBJ
D:\GD\VS2010PROJECT\俄羅斯方塊\作業四\俄羅斯方塊\DEBUG\POINT.OBJ
D:\GD\VS2010PROJECT\俄羅斯方塊\作業四\俄羅斯方塊\DEBUG\RECT.OBJ
D:\GD\vs2010Project\俄羅斯方塊\作業四\俄羅斯方塊\Debug\vc100.idb
D:\GD\VS2010PROJECT\俄羅斯方塊\作業四\俄羅斯方塊\DEBUG\VC100.PDB
D:\GD\VS2010PROJECT\俄羅斯方塊\作業四\俄羅斯方塊\DEBUG\俄羅斯方塊.EXE.INTERMEDIATE.MANIFEST
D:\GD\vs2010Project\俄羅斯方塊\作業四\俄羅斯方塊\Debug\俄羅斯方塊.write.1.tlog
