已經開始建置於 2018/5/10 下午 06:34:28。
     1>節點 2 (build 目標) 上的專案 "D:\GD\vs2010Project\lab6-2\lab6-2\lab6-2.vcxproj"。
     1>PrepareForBuild:
         正在建立目錄 "D:\GD\vs2010Project\lab6-2\Debug\"。
       InitializeBuildStatus:
         由於指定了 "AlwaysCreate"，因此正在建立 "Debug\lab6-2.unsuccessfulbuild"。
       ClCompile:
         C:\Program Files (x86)\Microsoft Visual Studio 10.0\VC\bin\CL.exe /c /ZI /nologo /W3 /WX- /Od /Oy- /D _MBCS /Gm /EHsc /RTC1 /MDd /GS /fp:precise /Zc:wchar_t /Zc:forScope /Fo"Debug\\" /Fd"Debug\vc100.pdb" /Gd /TP /analyze- /errorReport:prompt college.cpp department.cpp source.cpp university.cpp
         university.cpp
         source.cpp
         department.cpp
         college.cpp
         正在產生程式碼...
       Link:
         C:\Program Files (x86)\Microsoft Visual Studio 10.0\VC\bin\link.exe /ERRORREPORT:PROMPT /OUT:"D:\GD\vs2010Project\lab6-2\Debug\lab6-2.exe" /NOLOGO kernel32.lib user32.lib gdi32.lib winspool.lib comdlg32.lib advapi32.lib shell32.lib ole32.lib oleaut32.lib uuid.lib odbc32.lib odbccp32.lib /MANIFEST /ManifestFile:"Debug\lab6-2.exe.intermediate.manifest" /MANIFESTUAC:"level='asInvoker' uiAccess='false'" /DEBUG /PDB:"D:\GD\vs2010Project\lab6-2\Debug\lab6-2.pdb" /TLBID:1 /DYNAMICBASE /NXCOMPAT /IMPLIB:"D:\GD\vs2010Project\lab6-2\Debug\lab6-2.lib" /MACHINE:X86 Debug\college.obj
         Debug\department.obj
         Debug\source.obj
         Debug\university.obj
         lab6-2.vcxproj -> D:\GD\vs2010Project\lab6-2\Debug\lab6-2.exe
       Manifest:
         C:\Program Files (x86)\Microsoft SDKs\Windows\v7.0A\bin\mt.exe /nologo /verbose /outputresource:"D:\GD\vs2010Project\lab6-2\Debug\lab6-2.exe;#1" /manifest "Debug\lab6-2.exe.intermediate.manifest"
       FinalizeBuildStatus:
         正在刪除檔案 "Debug\lab6-2.unsuccessfulbuild"。
         正在變更時間戳記 "Debug\lab6-2.lastbuildstate"。
     1>專案 "D:\GD\vs2010Project\lab6-2\lab6-2\lab6-2.vcxproj" (build 目標) 建置完成。

建置成功。

經過時間 00:00:03.00
