已經開始建置於 2018/5/3 下午 12:47:58。
     1>節點 2 (build 目標) 上的專案 "D:\GD\vs2010Project\lab9-2\Mandelbrot03.vcxproj"。
     1>InitializeBuildStatus:
         正在變更時間戳記 ".\Debug\Mandelbrot03.unsuccessfulbuild"。
       ClCompile:
         所有輸出都是最新的。
         C:\Program Files (x86)\Microsoft Visual Studio 10.0\VC\bin\CL.exe /c /ZI /nologo /W3 /WX- /Od /Oy- /D WIN32 /D _DEBUG /D _WINDOWS /D _VC80_UPGRADE=0x0600 /D _MBCS /D _AFXDLL /Gm /EHsc /RTC1 /MDd /GS /fp:precise /Zc:wchar_t /Zc:forScope /Yu"stdafx.h" /Fp".\Debug/Mandelbrot03.pch" /Fo".\Debug/" /Fd".\Debug/vc100.pdb" /Gd /TP /analyze- /errorReport:prompt ChildView.cpp
         ChildView.cpp
       ResourceCompile:
         所有輸出都是最新的。
       ManifestResourceCompile:
         所有輸出都是最新的。
       Link:
         C:\Program Files (x86)\Microsoft Visual Studio 10.0\VC\bin\link.exe /ERRORREPORT:PROMPT /OUT:".\Debug/Mandelbrot03.exe" /INCREMENTAL /NOLOGO /MANIFEST /ManifestFile:".\Debug\Mandelbrot03.exe.intermediate.manifest" /MANIFESTUAC:"level='asInvoker' uiAccess='false'" /DEBUG /PDB:".\Debug/Mandelbrot03.pdb" /SUBSYSTEM:WINDOWS /TLBID:1 /DYNAMICBASE:NO /IMPLIB:".\Debug\Mandelbrot03.lib" /MACHINE:X86 .\Debug\Mandelbrot03.res
         .\Debug\Mandelbrot03.exe.embed.manifest.res
         .\Debug/ChildView.obj
         .\Debug/Complex.obj
         .\Debug/MainFrm.obj
         .\Debug/Mandelbrot.obj
         .\Debug/Mandelbrot03.obj
         .\Debug/StdAfx.obj
         .\Debug/ZoomWnd.obj
       Manifest:
         C:\Program Files (x86)\Microsoft SDKs\Windows\v7.0A\bin\mt.exe /nologo /verbose /out:".\Debug\Mandelbrot03.exe.embed.manifest" /manifest .\Debug\Mandelbrot03.exe.intermediate.manifest "C:\Program Files (x86)\Microsoft Visual Studio 10.0\VC\Include\Manifest\dpiaware.manifest"
         所有輸出都是最新的。
       LinkEmbedManifest:
         所有輸出都是最新的。
         Mandelbrot03.vcxproj -> D:\GD\vs2010Project\lab9-2\.\Debug\Mandelbrot03.exe
       FinalizeBuildStatus:
         正在刪除檔案 ".\Debug\Mandelbrot03.unsuccessfulbuild"。
         正在變更時間戳記 ".\Debug\Mandelbrot03.lastbuildstate"。
     1>專案 "D:\GD\vs2010Project\lab9-2\Mandelbrot03.vcxproj" (build 目標) 建置完成。

建置成功。

經過時間 00:00:00.74
