已經開始建置於 2018/4/14 上午 11:25:33。
     1>節點 2 (build 目標) 上的專案 "D:\GD\vs2010Project\簡易成績資料庫\成績資料庫作業\簡易成績資料庫\簡易成績資料庫.vcxproj"。
     1>InitializeBuildStatus:
         由於指定了 "AlwaysCreate"，因此正在建立 "Debug\簡易成績資料庫.unsuccessfulbuild"。
       ClCompile:
         C:\Program Files (x86)\Microsoft Visual Studio 10.0\VC\bin\CL.exe /c /ZI /nologo /W3 /WX- /Od /Oy- /D _UNICODE /D UNICODE /Gm /EHsc /RTC1 /MDd /GS /fp:precise /Zc:wchar_t /Zc:forScope /Fo"Debug\\" /Fd"Debug\vc100.pdb" /Gd /TP /analyze- /errorReport:prompt Class.cpp
         Class.cpp
     1>d:\gd\vs2010project\簡易成績資料庫\成績資料庫作業\簡易成績資料庫\class.cpp(11): warning C4351: 新行為: 陣列元素 'Class::students' 將會預設為初始化
     1>d:\gd\vs2010project\簡易成績資料庫\成績資料庫作業\簡易成績資料庫\class.cpp(27): warning C4996: 'fopen': This function or variable may be unsafe. Consider using fopen_s instead. To disable deprecation, use _CRT_SECURE_NO_WARNINGS. See online help for details.
                 c:\program files (x86)\microsoft visual studio 10.0\vc\include\stdio.h(234) : 請參閱 'fopen' 的宣告
     1>d:\gd\vs2010project\簡易成績資料庫\成績資料庫作業\簡易成績資料庫\class.cpp(188): warning C4101: 'score' : 未參考的區域變數
       Link:
         C:\Program Files (x86)\Microsoft Visual Studio 10.0\VC\bin\link.exe /ERRORREPORT:PROMPT /OUT:"D:\GD\vs2010Project\簡易成績資料庫\成績資料庫作業\Debug\簡易成績資料庫.exe" /NOLOGO kernel32.lib user32.lib gdi32.lib winspool.lib comdlg32.lib advapi32.lib shell32.lib ole32.lib oleaut32.lib uuid.lib odbc32.lib odbccp32.lib /MANIFEST /ManifestFile:"Debug\簡易成績資料庫.exe.intermediate.manifest" /MANIFESTUAC:"level='asInvoker' uiAccess='false'" /DEBUG /PDB:"D:\GD\vs2010Project\簡易成績資料庫\成績資料庫作業\Debug\簡易成績資料庫.pdb" /TLBID:1 /DYNAMICBASE /NXCOMPAT /IMPLIB:"D:\GD\vs2010Project\簡易成績資料庫\成績資料庫作業\Debug\簡易成績資料庫.lib" /MACHINE:X86 Debug\Class.obj
         Debug\Grade.obj
         Debug\main.obj
         Debug\memory_leak.obj
         Debug\statistic.obj
         Debug\Student.obj
         LINK : 最後的累加連結找不到或未建置 D:\GD\vs2010Project\簡易成績資料庫\成績資料庫作業\Debug\簡易成績資料庫.exe，正在執行完整連結
         簡易成績資料庫.vcxproj -> D:\GD\vs2010Project\簡易成績資料庫\成績資料庫作業\Debug\簡易成績資料庫.exe
       Manifest:
         C:\Program Files (x86)\Microsoft SDKs\Windows\v7.0A\bin\mt.exe /nologo /verbose /outputresource:"D:\GD\vs2010Project\簡易成績資料庫\成績資料庫作業\Debug\簡易成績資料庫.exe;#1" /manifest "Debug\簡易成績資料庫.exe.intermediate.manifest"
       FinalizeBuildStatus:
         正在刪除檔案 "Debug\簡易成績資料庫.unsuccessfulbuild"。
         正在變更時間戳記 "Debug\簡易成績資料庫.lastbuildstate"。
     1>專案 "D:\GD\vs2010Project\簡易成績資料庫\成績資料庫作業\簡易成績資料庫\簡易成績資料庫.vcxproj" (build 目標) 建置完成。

建置成功。

經過時間 00:00:00.92
