---請選擇下列功能：
1：輸入資料庫檔案名稱
2：結束操作
請輸入檔案名稱：
---
<uniTestClass.dat>請選擇下列功能：
1：增加一新學生
2：對一學生增加一新成績
3：查詢一學生之所有成績
4：更改一學生之成績
5：刪除某一學生
6：列印顯示所有資料庫中之資料
7：連續輸入多位同學成績
8：加上成績註解
9：存檔並關閉uniTestClass.dat檔案
10：結束操作
請輸入學生姓名：請輸入學生學號：
---
<uniTestClass.dat>請選擇下列功能：
1：增加一新學生
2：對一學生增加一新成績
3：查詢一學生之所有成績
4：更改一學生之成績
5：刪除某一學生
6：列印顯示所有資料庫中之資料
7：連續輸入多位同學成績
8：加上成績註解
9：存檔並關閉uniTestClass.dat檔案
10：結束操作
請輸入學生姓名:請輸入成績：
---
<uniTestClass.dat>請選擇下列功能：
1：增加一新學生
2：對一學生增加一新成績
3：查詢一學生之所有成績
4：更改一學生之成績
5：刪除某一學生
6：列印顯示所有資料庫中之資料
7：連續輸入多位同學成績
8：加上成績註解
9：存檔並關閉uniTestClass.dat檔案
10：結束操作
請輸入學生姓名:100 

---
<uniTestClass.dat>請選擇下列功能：
1：增加一新學生
2：對一學生增加一新成績
3：查詢一學生之所有成績
4：更改一學生之成績
5：刪除某一學生
6：列印顯示所有資料庫中之資料
7：連續輸入多位同學成績
8：加上成績註解
9：存檔並關閉uniTestClass.dat檔案
10：結束操作
請輸入學生姓名：請輸入學生學號：
---
<uniTestClass.dat>請選擇下列功能：
1：增加一新學生
2：對一學生增加一新成績
3：查詢一學生之所有成績
4：更改一學生之成績
5：刪除某一學生
6：列印顯示所有資料庫中之資料
7：連續輸入多位同學成績
8：加上成績註解
9：存檔並關閉uniTestClass.dat檔案
10：結束操作
請輸入學生姓名:
---
<uniTestClass.dat>請選擇下列功能：
1：增加一新學生
2：對一學生增加一新成績
3：查詢一學生之所有成績
4：更改一學生之成績
5：刪除某一學生
6：列印顯示所有資料庫中之資料
7：連續輸入多位同學成績
8：加上成績註解
9：存檔並關閉uniTestClass.dat檔案
10：結束操作


---uniTest成功!

---請選擇下列功能：
1：輸入資料庫檔案名稱
2：結束操作
請輸入檔案名稱：
---
<class1062.dat>請選擇下列功能：
1：增加一新學生
2：對一學生增加一新成績
3：查詢一學生之所有成績
4：更改一學生之成績
5：刪除某一學生
6：列印顯示所有資料庫中之資料
7：連續輸入多位同學成績
8：加上成績註解
9：存檔並關閉class1062.dat檔案
10：結束操作
>>姓名：張三
>>學號：B001
>>成績：76(小考0) 98 100 
>>平均成績是：91.3333

>>姓名：李四
>>學號：b000
>>成績：98(小考0) 99 100 
>>平均成績是：99


---
<class1062.dat>請選擇下列功能：
1：增加一新學生
2：對一學生增加一新成績
3：查詢一學生之所有成績
4：更改一學生之成績
5：刪除某一學生
6：列印顯示所有資料庫中之資料
7：連續輸入多位同學成績
8：加上成績註解
9：存檔並關閉class1062.dat檔案
10：結束操作
